<?xml version="1.0" encoding="UTF-8"?>
<!-- Generated by org.testng.reporters.JUnitReportReporter -->
<testsuite hostname="DESKTOP-MFFIQLV" failures="0" tests="1" name="com.trello.qspiders.createanddeleteboard.EndToEndScenario" time="35.664" errors="0" timestamp="2022-12-02T18:40:16 IST" skipped="0">
  <testcase classname="com.trello.qspiders.createanddeleteboard.EndToEndScenario" name="createAndDeleteKranthi_01" time="35.664"/>
  <system-out/>
</testsuite> <!-- com.trello.qspiders.createanddeleteboard.EndToEndScenario -->
